{"/Users/jacksteinberg/code/get-originals-rewriter/lib/globals-set.js": {"path":"/Users/jacksteinberg/code/get-originals-rewriter/lib/globals-set.js","statementMap":{"0":{"start":{"line":3,"column":0},"end":{"line":385,"column":20}}},"fnMap":{},"branchMap":{},"s":{"0":1},"f":{},"b":{},"_coverageSchema":"43e27e138ebf9cfc5966b082cf9a028302ed4184","hash":"93c0a3d7a324e6fda9da39ce2d8d5c13dff30571"}
,"/Users/jacksteinberg/code/get-originals-rewriter/lib/imports.js": {"path":"/Users/jacksteinberg/code/get-originals-rewriter/lib/imports.js","statementMap":{"0":{"start":{"line":3,"column":22},"end":{"line":3,"column":54}},"1":{"start":{"line":15,"column":19},"end":{"line":15,"column":53}},"2":{"start":{"line":16,"column":2},"end":{"line":31,"column":3}},"3":{"start":{"line":18,"column":6},"end":{"line":18,"column":22}},"4":{"start":{"line":22,"column":6},"end":{"line":22,"column":44}},"5":{"start":{"line":24,"column":6},"end":{"line":24,"column":67}},"6":{"start":{"line":26,"column":6},"end":{"line":26,"column":61}},"7":{"start":{"line":28,"column":6},"end":{"line":28,"column":61}},"8":{"start":{"line":30,"column":6},"end":{"line":30,"column":45}},"9":{"start":{"line":43,"column":21},"end":{"line":43,"column":62}},"10":{"start":{"line":45,"column":2},"end":{"line":49,"column":3}},"11":{"start":{"line":46,"column":4},"end":{"line":48,"column":6}},"12":{"start":{"line":51,"column":2},"end":{"line":71,"column":3}},"13":{"start":{"line":53,"column":6},"end":{"line":53,"column":46}},"14":{"start":{"line":54,"column":6},"end":{"line":54,"column":12}},"15":{"start":{"line":58,"column":6},"end":{"line":60,"column":7}},"16":{"start":{"line":59,"column":8},"end":{"line":59,"column":78}},"17":{"start":{"line":61,"column":6},"end":{"line":61,"column":65}},"18":{"start":{"line":62,"column":6},"end":{"line":62,"column":48}},"19":{"start":{"line":63,"column":6},"end":{"line":63,"column":12}},"20":{"start":{"line":67,"column":6},"end":{"line":67,"column":48}},"21":{"start":{"line":68,"column":6},"end":{"line":68,"column":12}},"22":{"start":{"line":70,"column":6},"end":{"line":70,"column":45}},"23":{"start":{"line":81,"column":2},"end":{"line":88,"column":3}},"24":{"start":{"line":83,"column":4},"end":{"line":87,"column":7}},"25":{"start":{"line":91,"column":0},"end":{"line":94,"column":2}}},"fnMap":{"0":{"name":"generateImportText","decl":{"start":{"line":14,"column":9},"end":{"line":14,"column":27}},"loc":{"start":{"line":14,"column":51},"end":{"line":32,"column":1}},"line":14},"1":{"name":"updateImports","decl":{"start":{"line":42,"column":9},"end":{"line":42,"column":22}},"loc":{"start":{"line":42,"column":55},"end":{"line":72,"column":1}},"line":42},"2":{"name":"addAllImports","decl":{"start":{"line":80,"column":9},"end":{"line":80,"column":22}},"loc":{"start":{"line":80,"column":44},"end":{"line":89,"column":1}},"line":80}},"branchMap":{"0":{"loc":{"start":{"line":16,"column":2},"end":{"line":31,"column":3}},"type":"switch","locations":[{"start":{"line":17,"column":4},"end":{"line":18,"column":22}},{"start":{"line":19,"column":4},"end":{"line":19,"column":18}},{"start":{"line":20,"column":4},"end":{"line":20,"column":21}},{"start":{"line":21,"column":4},"end":{"line":22,"column":44}},{"start":{"line":23,"column":4},"end":{"line":24,"column":67}},{"start":{"line":25,"column":4},"end":{"line":26,"column":61}},{"start":{"line":27,"column":4},"end":{"line":28,"column":61}},{"start":{"line":29,"column":4},"end":{"line":30,"column":45}}],"line":16},"1":{"loc":{"start":{"line":45,"column":2},"end":{"line":49,"column":3}},"type":"if","locations":[{"start":{"line":45,"column":2},"end":{"line":49,"column":3}},{"start":{"line":45,"column":2},"end":{"line":49,"column":3}}],"line":45},"2":{"loc":{"start":{"line":51,"column":2},"end":{"line":71,"column":3}},"type":"switch","locations":[{"start":{"line":52,"column":4},"end":{"line":54,"column":12}},{"start":{"line":55,"column":4},"end":{"line":55,"column":15}},{"start":{"line":56,"column":4},"end":{"line":56,"column":15}},{"start":{"line":57,"column":4},"end":{"line":63,"column":12}},{"start":{"line":64,"column":4},"end":{"line":64,"column":18}},{"start":{"line":65,"column":4},"end":{"line":65,"column":21}},{"start":{"line":66,"column":4},"end":{"line":68,"column":12}},{"start":{"line":69,"column":4},"end":{"line":70,"column":45}}],"line":51},"3":{"loc":{"start":{"line":58,"column":6},"end":{"line":60,"column":7}},"type":"if","locations":[{"start":{"line":58,"column":6},"end":{"line":60,"column":7}},{"start":{"line":58,"column":6},"end":{"line":60,"column":7}}],"line":58}},"s":{"0":1,"1":32,"2":32,"3":12,"4":13,"5":4,"6":2,"7":1,"8":0,"9":32,"10":32,"11":21,"12":32,"13":12,"14":12,"15":9,"16":5,"17":9,"18":9,"19":9,"20":11,"21":11,"22":0,"23":12,"24":26,"25":1},"f":{"0":32,"1":32,"2":12},"b":{"0":[12,3,7,13,4,2,1,0],"1":[21,11],"2":[12,2,3,9,3,7,11,0],"3":[5,4]},"_coverageSchema":"43e27e138ebf9cfc5966b082cf9a028302ed4184","hash":"c84c0c799bcad34c2c1913d41373edccdfddf69c"}
,"/Users/jacksteinberg/code/get-originals-rewriter/lib/originals-helper.js": {"path":"/Users/jacksteinberg/code/get-originals-rewriter/lib/originals-helper.js","statementMap":{"0":{"start":{"line":3,"column":19},"end":{"line":3,"column":46}},"1":{"start":{"line":11,"column":17},"end":{"line":11,"column":51}},"2":{"start":{"line":12,"column":2},"end":{"line":15,"column":3}},"3":{"start":{"line":13,"column":4},"end":{"line":14,"column":46}},"4":{"start":{"line":16,"column":2},"end":{"line":16,"column":15}},"5":{"start":{"line":25,"column":17},"end":{"line":25,"column":43}},"6":{"start":{"line":26,"column":2},"end":{"line":28,"column":3}},"7":{"start":{"line":27,"column":4},"end":{"line":27,"column":44}},"8":{"start":{"line":29,"column":2},"end":{"line":29,"column":15}},"9":{"start":{"line":38,"column":2},"end":{"line":38,"column":52}},"10":{"start":{"line":51,"column":2},"end":{"line":66,"column":3}},"11":{"start":{"line":53,"column":6},"end":{"line":53,"column":18}},"12":{"start":{"line":57,"column":6},"end":{"line":57,"column":30}},"13":{"start":{"line":59,"column":6},"end":{"line":59,"column":37}},"14":{"start":{"line":61,"column":6},"end":{"line":61,"column":34}},"15":{"start":{"line":63,"column":6},"end":{"line":63,"column":34}},"16":{"start":{"line":65,"column":6},"end":{"line":65,"column":45}},"17":{"start":{"line":80,"column":2},"end":{"line":92,"column":3}},"18":{"start":{"line":83,"column":6},"end":{"line":83,"column":62}},"19":{"start":{"line":85,"column":6},"end":{"line":85,"column":51}},"20":{"start":{"line":89,"column":6},"end":{"line":89,"column":36}},"21":{"start":{"line":91,"column":6},"end":{"line":91,"column":45}},"22":{"start":{"line":95,"column":0},"end":{"line":99,"column":2}}},"fnMap":{"0":{"name":"nodeInTSDefs","decl":{"start":{"line":10,"column":9},"end":{"line":10,"column":21}},"loc":{"start":{"line":10,"column":28},"end":{"line":17,"column":1}},"line":10},"1":{"name":"nodeInIDLSpecs","decl":{"start":{"line":24,"column":9},"end":{"line":24,"column":23}},"loc":{"start":{"line":24,"column":30},"end":{"line":30,"column":1}},"line":24},"2":{"name":"isGlobal","decl":{"start":{"line":37,"column":9},"end":{"line":37,"column":17}},"loc":{"start":{"line":37,"column":24},"end":{"line":39,"column":1}},"line":37},"3":{"name":"getOriginal","decl":{"start":{"line":50,"column":9},"end":{"line":50,"column":20}},"loc":{"start":{"line":50,"column":38},"end":{"line":67,"column":1}},"line":50},"4":{"name":"formatReplacement","decl":{"start":{"line":79,"column":9},"end":{"line":79,"column":26}},"loc":{"start":{"line":79,"column":55},"end":{"line":93,"column":1}},"line":79}},"branchMap":{"0":{"loc":{"start":{"line":12,"column":2},"end":{"line":15,"column":3}},"type":"if","locations":[{"start":{"line":12,"column":2},"end":{"line":15,"column":3}},{"start":{"line":12,"column":2},"end":{"line":15,"column":3}}],"line":12},"1":{"loc":{"start":{"line":26,"column":2},"end":{"line":28,"column":3}},"type":"if","locations":[{"start":{"line":26,"column":2},"end":{"line":28,"column":3}},{"start":{"line":26,"column":2},"end":{"line":28,"column":3}}],"line":26},"2":{"loc":{"start":{"line":38,"column":9},"end":{"line":38,"column":51}},"type":"binary-expr","locations":[{"start":{"line":38,"column":9},"end":{"line":38,"column":27}},{"start":{"line":38,"column":31},"end":{"line":38,"column":51}}],"line":38},"3":{"loc":{"start":{"line":51,"column":2},"end":{"line":66,"column":3}},"type":"switch","locations":[{"start":{"line":52,"column":4},"end":{"line":53,"column":18}},{"start":{"line":54,"column":4},"end":{"line":54,"column":18}},{"start":{"line":55,"column":4},"end":{"line":55,"column":21}},{"start":{"line":56,"column":4},"end":{"line":57,"column":30}},{"start":{"line":58,"column":4},"end":{"line":59,"column":37}},{"start":{"line":60,"column":4},"end":{"line":61,"column":34}},{"start":{"line":62,"column":4},"end":{"line":63,"column":34}},{"start":{"line":64,"column":4},"end":{"line":65,"column":45}}],"line":51},"4":{"loc":{"start":{"line":80,"column":2},"end":{"line":92,"column":3}},"type":"switch","locations":[{"start":{"line":81,"column":4},"end":{"line":81,"column":15}},{"start":{"line":82,"column":4},"end":{"line":83,"column":62}},{"start":{"line":84,"column":4},"end":{"line":85,"column":51}},{"start":{"line":86,"column":4},"end":{"line":86,"column":18}},{"start":{"line":87,"column":4},"end":{"line":87,"column":21}},{"start":{"line":88,"column":4},"end":{"line":89,"column":36}},{"start":{"line":90,"column":4},"end":{"line":91,"column":45}}],"line":80}},"s":{"0":1,"1":52,"2":52,"3":35,"4":17,"5":17,"6":17,"7":0,"8":17,"9":52,"10":64,"11":24,"12":26,"13":8,"14":4,"15":2,"16":0,"17":20,"18":7,"19":2,"20":11,"21":0,"22":1},"f":{"0":52,"1":17,"2":52,"3":64,"4":20},"b":{"0":[35,17],"1":[0,17],"2":[52,17],"3":[24,6,14,26,8,4,2,0],"4":[1,7,2,3,7,11,0]},"_coverageSchema":"43e27e138ebf9cfc5966b082cf9a028302ed4184","hash":"241c4b4a2a37b1477c83965edde346efa65043b2"}
,"/Users/jacksteinberg/code/get-originals-rewriter/lib/rewriter.js": {"path":"/Users/jacksteinberg/code/get-originals-rewriter/lib/rewriter.js","statementMap":{"0":{"start":{"line":3,"column":15},"end":{"line":3,"column":32}},"1":{"start":{"line":4,"column":11},"end":{"line":4,"column":32}},"2":{"start":{"line":5,"column":16},"end":{"line":5,"column":35}},"3":{"start":{"line":6,"column":21},"end":{"line":6,"column":55}},"4":{"start":{"line":7,"column":28},"end":{"line":7,"column":69}},"5":{"start":{"line":8,"column":23},"end":{"line":8,"column":59}},"6":{"start":{"line":9,"column":23},"end":{"line":9,"column":59}},"7":{"start":{"line":10,"column":31},"end":{"line":10,"column":76}},"8":{"start":{"line":11,"column":24},"end":{"line":11,"column":47}},"9":{"start":{"line":13,"column":24},"end":{"line":21,"column":1}},"10":{"start":{"line":32,"column":18},"end":{"line":32,"column":56}},"11":{"start":{"line":33,"column":21},"end":{"line":35,"column":3}},"12":{"start":{"line":37,"column":18},"end":{"line":37,"column":20}},"13":{"start":{"line":39,"column":2},"end":{"line":39,"column":45}},"14":{"start":{"line":40,"column":2},"end":{"line":40,"column":77}},"15":{"start":{"line":40,"column":41},"end":{"line":40,"column":75}},"16":{"start":{"line":41,"column":2},"end":{"line":41,"column":72}},"17":{"start":{"line":41,"column":41},"end":{"line":41,"column":70}},"18":{"start":{"line":42,"column":2},"end":{"line":42,"column":72}},"19":{"start":{"line":42,"column":41},"end":{"line":42,"column":70}},"20":{"start":{"line":43,"column":2},"end":{"line":43,"column":80}},"21":{"start":{"line":43,"column":41},"end":{"line":43,"column":78}},"22":{"start":{"line":44,"column":2},"end":{"line":44,"column":37}},"23":{"start":{"line":46,"column":17},"end":{"line":46,"column":39}},"24":{"start":{"line":47,"column":16},"end":{"line":47,"column":33}},"25":{"start":{"line":48,"column":2},"end":{"line":48,"column":38}},"26":{"start":{"line":49,"column":2},"end":{"line":49,"column":23}},"27":{"start":{"line":52,"column":0},"end":{"line":52,"column":26}}},"fnMap":{"0":{"name":"rewriter","decl":{"start":{"line":31,"column":9},"end":{"line":31,"column":17}},"loc":{"start":{"line":31,"column":33},"end":{"line":50,"column":1}},"line":31},"1":{"name":"(anonymous_1)","decl":{"start":{"line":40,"column":31},"end":{"line":40,"column":32}},"loc":{"start":{"line":40,"column":41},"end":{"line":40,"column":75}},"line":40},"2":{"name":"(anonymous_2)","decl":{"start":{"line":41,"column":31},"end":{"line":41,"column":32}},"loc":{"start":{"line":41,"column":41},"end":{"line":41,"column":70}},"line":41},"3":{"name":"(anonymous_3)","decl":{"start":{"line":42,"column":31},"end":{"line":42,"column":32}},"loc":{"start":{"line":42,"column":41},"end":{"line":42,"column":70}},"line":42},"4":{"name":"(anonymous_4)","decl":{"start":{"line":43,"column":31},"end":{"line":43,"column":32}},"loc":{"start":{"line":43,"column":41},"end":{"line":43,"column":78}},"line":43}},"branchMap":{},"s":{"0":1,"1":1,"2":1,"3":1,"4":1,"5":1,"6":1,"7":1,"8":1,"9":1,"10":12,"11":12,"12":12,"13":12,"14":12,"15":350,"16":12,"17":298,"18":12,"19":332,"20":12,"21":331,"22":12,"23":12,"24":12,"25":12,"26":12,"27":1},"f":{"0":12,"1":350,"2":298,"3":332,"4":331},"b":{},"_coverageSchema":"43e27e138ebf9cfc5966b082cf9a028302ed4184","hash":"3265144b884e92b793a3a7eea363ea4d2c0204cd"}
,"/Users/jacksteinberg/code/get-originals-rewriter/lib/mods/clean-console.js": {"path":"/Users/jacksteinberg/code/get-originals-rewriter/lib/mods/clean-console.js","statementMap":{"0":{"start":{"line":3,"column":18},"end":{"line":3,"column":48}},"1":{"start":{"line":13,"column":2},"end":{"line":15,"column":3}},"2":{"start":{"line":14,"column":4},"end":{"line":14,"column":11}},"3":{"start":{"line":17,"column":25},"end":{"line":17,"column":45}},"4":{"start":{"line":18,"column":2},"end":{"line":20,"column":3}},"5":{"start":{"line":19,"column":4},"end":{"line":19,"column":11}},"6":{"start":{"line":22,"column":15},"end":{"line":22,"column":45}},"7":{"start":{"line":23,"column":19},"end":{"line":23,"column":43}},"8":{"start":{"line":24,"column":2},"end":{"line":24,"column":32}},"9":{"start":{"line":33,"column":2},"end":{"line":40,"column":3}},"10":{"start":{"line":34,"column":19},"end":{"line":34,"column":35}},"11":{"start":{"line":35,"column":4},"end":{"line":39,"column":5}},"12":{"start":{"line":36,"column":6},"end":{"line":36,"column":22}},"13":{"start":{"line":38,"column":6},"end":{"line":38,"column":40}},"14":{"start":{"line":43,"column":0},"end":{"line":43,"column":30}}},"fnMap":{"0":{"name":"isConsoleCallExpression","decl":{"start":{"line":12,"column":9},"end":{"line":12,"column":32}},"loc":{"start":{"line":12,"column":39},"end":{"line":25,"column":1}},"line":12},"1":{"name":"cleanConsole","decl":{"start":{"line":32,"column":9},"end":{"line":32,"column":21}},"loc":{"start":{"line":32,"column":28},"end":{"line":41,"column":1}},"line":32}},"branchMap":{"0":{"loc":{"start":{"line":13,"column":2},"end":{"line":15,"column":3}},"type":"if","locations":[{"start":{"line":13,"column":2},"end":{"line":15,"column":3}},{"start":{"line":13,"column":2},"end":{"line":15,"column":3}}],"line":13},"1":{"loc":{"start":{"line":18,"column":2},"end":{"line":20,"column":3}},"type":"if","locations":[{"start":{"line":18,"column":2},"end":{"line":20,"column":3}},{"start":{"line":18,"column":2},"end":{"line":20,"column":3}}],"line":18},"2":{"loc":{"start":{"line":33,"column":2},"end":{"line":40,"column":3}},"type":"if","locations":[{"start":{"line":33,"column":2},"end":{"line":40,"column":3}},{"start":{"line":33,"column":2},"end":{"line":40,"column":3}}],"line":33},"3":{"loc":{"start":{"line":35,"column":4},"end":{"line":39,"column":5}},"type":"if","locations":[{"start":{"line":35,"column":4},"end":{"line":39,"column":5}},{"start":{"line":35,"column":4},"end":{"line":39,"column":5}}],"line":35}},"s":{"0":1,"1":362,"2":334,"3":28,"4":28,"5":3,"6":25,"7":25,"8":25,"9":362,"10":11,"11":11,"12":6,"13":5,"14":1},"f":{"0":362,"1":362},"b":{"0":[334,28],"1":[3,25],"2":[11,351],"3":[6,5]},"_coverageSchema":"43e27e138ebf9cfc5966b082cf9a028302ed4184","hash":"934c4c48a7301c18e42206d48bfea3ab4e727239"}
,"/Users/jacksteinberg/code/get-originals-rewriter/lib/mods/replace-constructors.js": {"path":"/Users/jacksteinberg/code/get-originals-rewriter/lib/mods/replace-constructors.js","statementMap":{"0":{"start":{"line":3,"column":18},"end":{"line":3,"column":48}},"1":{"start":{"line":4,"column":24},"end":{"line":4,"column":48}},"2":{"start":{"line":8,"column":4},"end":{"line":8,"column":37}},"3":{"start":{"line":17,"column":2},"end":{"line":24,"column":3}},"4":{"start":{"line":19,"column":23},"end":{"line":19,"column":43}},"5":{"start":{"line":20,"column":16},"end":{"line":20,"column":52}},"6":{"start":{"line":21,"column":21},"end":{"line":21,"column":57}},"7":{"start":{"line":22,"column":4},"end":{"line":22,"column":41}},"8":{"start":{"line":23,"column":4},"end":{"line":23,"column":57}},"9":{"start":{"line":27,"column":0},"end":{"line":27,"column":43}}},"fnMap":{"0":{"name":"replaceGlobalConstructors","decl":{"start":{"line":16,"column":9},"end":{"line":16,"column":34}},"loc":{"start":{"line":16,"column":50},"end":{"line":25,"column":1}},"line":16}},"branchMap":{"0":{"loc":{"start":{"line":17,"column":2},"end":{"line":24,"column":3}},"type":"if","locations":[{"start":{"line":17,"column":2},"end":{"line":24,"column":3}},{"start":{"line":17,"column":2},"end":{"line":24,"column":3}}],"line":17},"1":{"loc":{"start":{"line":17,"column":6},"end":{"line":18,"column":20}},"type":"binary-expr","locations":[{"start":{"line":17,"column":6},"end":{"line":17,"column":37}},{"start":{"line":18,"column":6},"end":{"line":18,"column":20}}],"line":17}},"s":{"0":1,"1":1,"2":1,"3":350,"4":12,"5":12,"6":12,"7":12,"8":12,"9":1},"f":{"0":350},"b":{"0":[12,338],"1":[350,12]},"_coverageSchema":"43e27e138ebf9cfc5966b082cf9a028302ed4184","hash":"b03d57d9915e9ab42258b98987c46d11977364ad"}
,"/Users/jacksteinberg/code/get-originals-rewriter/lib/mods/replace-get-set.js": {"path":"/Users/jacksteinberg/code/get-originals-rewriter/lib/mods/replace-get-set.js","statementMap":{"0":{"start":{"line":3,"column":18},"end":{"line":3,"column":48}},"1":{"start":{"line":4,"column":24},"end":{"line":4,"column":48}},"2":{"start":{"line":9,"column":4},"end":{"line":9,"column":37}},"3":{"start":{"line":11,"column":23},"end":{"line":14,"column":2}},"4":{"start":{"line":23,"column":2},"end":{"line":24,"column":54}},"5":{"start":{"line":34,"column":2},"end":{"line":67,"column":3}},"6":{"start":{"line":37,"column":25},"end":{"line":37,"column":58}},"7":{"start":{"line":38,"column":25},"end":{"line":38,"column":77}},"8":{"start":{"line":40,"column":4},"end":{"line":42,"column":5}},"9":{"start":{"line":41,"column":6},"end":{"line":41,"column":13}},"10":{"start":{"line":44,"column":17},"end":{"line":44,"column":59}},"11":{"start":{"line":48,"column":19},"end":{"line":48,"column":35}},"12":{"start":{"line":51,"column":4},"end":{"line":60,"column":5}},"13":{"start":{"line":54,"column":6},"end":{"line":54,"column":19}},"14":{"start":{"line":55,"column":6},"end":{"line":55,"column":41}},"15":{"start":{"line":56,"column":6},"end":{"line":56,"column":29}},"16":{"start":{"line":58,"column":6},"end":{"line":58,"column":19}},"17":{"start":{"line":59,"column":6},"end":{"line":59,"column":27}},"18":{"start":{"line":62,"column":21},"end":{"line":62,"column":66}},"19":{"start":{"line":64,"column":4},"end":{"line":65,"column":55}},"20":{"start":{"line":66,"column":4},"end":{"line":66,"column":61}},"21":{"start":{"line":70,"column":0},"end":{"line":70,"column":42}}},"fnMap":{"0":{"name":"isDataProperty","decl":{"start":{"line":22,"column":9},"end":{"line":22,"column":23}},"loc":{"start":{"line":22,"column":44},"end":{"line":25,"column":1}},"line":22},"1":{"name":"replaceGlobalGetSetCalls","decl":{"start":{"line":33,"column":9},"end":{"line":33,"column":33}},"loc":{"start":{"line":33,"column":49},"end":{"line":68,"column":1}},"line":33}},"branchMap":{"0":{"loc":{"start":{"line":23,"column":9},"end":{"line":24,"column":53}},"type":"binary-expr","locations":[{"start":{"line":23,"column":9},"end":{"line":23,"column":33}},{"start":{"line":24,"column":6},"end":{"line":24,"column":53}}],"line":23},"1":{"loc":{"start":{"line":34,"column":2},"end":{"line":67,"column":3}},"type":"if","locations":[{"start":{"line":34,"column":2},"end":{"line":67,"column":3}},{"start":{"line":34,"column":2},"end":{"line":67,"column":3}}],"line":34},"2":{"loc":{"start":{"line":34,"column":6},"end":{"line":36,"column":36}},"type":"binary-expr","locations":[{"start":{"line":34,"column":6},"end":{"line":34,"column":48}},{"start":{"line":35,"column":6},"end":{"line":35,"column":51}},{"start":{"line":36,"column":6},"end":{"line":36,"column":36}}],"line":34},"3":{"loc":{"start":{"line":40,"column":4},"end":{"line":42,"column":5}},"type":"if","locations":[{"start":{"line":40,"column":4},"end":{"line":42,"column":5}},{"start":{"line":40,"column":4},"end":{"line":42,"column":5}}],"line":40},"4":{"loc":{"start":{"line":51,"column":4},"end":{"line":60,"column":5}},"type":"if","locations":[{"start":{"line":51,"column":4},"end":{"line":60,"column":5}},{"start":{"line":51,"column":4},"end":{"line":60,"column":5}}],"line":51},"5":{"loc":{"start":{"line":51,"column":8},"end":{"line":53,"column":43}},"type":"binary-expr","locations":[{"start":{"line":51,"column":8},"end":{"line":51,"column":44}},{"start":{"line":52,"column":8},"end":{"line":52,"column":51}},{"start":{"line":53,"column":8},"end":{"line":53,"column":43}}],"line":51}},"s":{"0":1,"1":1,"2":1,"3":1,"4":6,"5":332,"6":6,"7":6,"8":6,"9":3,"10":3,"11":3,"12":3,"13":1,"14":1,"15":1,"16":2,"17":2,"18":3,"19":3,"20":3,"21":1},"f":{"0":6,"1":332},"b":{"0":[6,3],"1":[6,326],"2":[332,6,6],"3":[3,3],"4":[1,2],"5":[3,2,1]},"_coverageSchema":"43e27e138ebf9cfc5966b082cf9a028302ed4184","hash":"5c76586ddfbf6e065205584b97b420af0f0a9810"}
,"/Users/jacksteinberg/code/get-originals-rewriter/lib/mods/replace-methods.js": {"path":"/Users/jacksteinberg/code/get-originals-rewriter/lib/mods/replace-methods.js","statementMap":{"0":{"start":{"line":3,"column":18},"end":{"line":3,"column":48}},"1":{"start":{"line":4,"column":24},"end":{"line":4,"column":48}},"2":{"start":{"line":9,"column":4},"end":{"line":9,"column":37}},"3":{"start":{"line":19,"column":17},"end":{"line":19,"column":49}},"4":{"start":{"line":20,"column":27},"end":{"line":20,"column":54}},"5":{"start":{"line":33,"column":2},"end":{"line":36,"column":3}},"6":{"start":{"line":34,"column":19},"end":{"line":34,"column":62}},"7":{"start":{"line":35,"column":4},"end":{"line":35,"column":35}},"8":{"start":{"line":47,"column":2},"end":{"line":47,"column":43}},"9":{"start":{"line":57,"column":2},"end":{"line":85,"column":3}},"10":{"start":{"line":60,"column":19},"end":{"line":60,"column":52}},"11":{"start":{"line":61,"column":15},"end":{"line":61,"column":23}},"12":{"start":{"line":62,"column":19},"end":{"line":62,"column":49}},"13":{"start":{"line":63,"column":35},"end":{"line":63,"column":71}},"14":{"start":{"line":65,"column":4},"end":{"line":68,"column":5}},"15":{"start":{"line":66,"column":6},"end":{"line":66,"column":56}},"16":{"start":{"line":67,"column":6},"end":{"line":67,"column":22}},"17":{"start":{"line":70,"column":25},"end":{"line":70,"column":62}},"18":{"start":{"line":71,"column":17},"end":{"line":72,"column":46}},"19":{"start":{"line":72,"column":22},"end":{"line":72,"column":35}},"20":{"start":{"line":73,"column":17},"end":{"line":73,"column":59}},"21":{"start":{"line":75,"column":4},"end":{"line":78,"column":5}},"22":{"start":{"line":76,"column":6},"end":{"line":76,"column":25}},"23":{"start":{"line":77,"column":6},"end":{"line":77,"column":28}},"24":{"start":{"line":80,"column":21},"end":{"line":80,"column":60}},"25":{"start":{"line":82,"column":4},"end":{"line":83,"column":74}},"26":{"start":{"line":84,"column":4},"end":{"line":84,"column":55}},"27":{"start":{"line":88,"column":0},"end":{"line":88,"column":42}}},"fnMap":{"0":{"name":"isNamespaceMethod","decl":{"start":{"line":18,"column":9},"end":{"line":18,"column":26}},"loc":{"start":{"line":18,"column":47},"end":{"line":48,"column":1}},"line":18},"1":{"name":"replaceGlobalMethodCalls","decl":{"start":{"line":56,"column":9},"end":{"line":56,"column":33}},"loc":{"start":{"line":56,"column":49},"end":{"line":86,"column":1}},"line":56},"2":{"name":"(anonymous_2)","decl":{"start":{"line":72,"column":13},"end":{"line":72,"column":14}},"loc":{"start":{"line":72,"column":22},"end":{"line":72,"column":35}},"line":72}},"branchMap":{"0":{"loc":{"start":{"line":33,"column":2},"end":{"line":36,"column":3}},"type":"if","locations":[{"start":{"line":33,"column":2},"end":{"line":36,"column":3}},{"start":{"line":33,"column":2},"end":{"line":36,"column":3}}],"line":33},"1":{"loc":{"start":{"line":33,"column":6},"end":{"line":33,"column":57}},"type":"binary-expr","locations":[{"start":{"line":33,"column":6},"end":{"line":33,"column":22}},{"start":{"line":33,"column":26},"end":{"line":33,"column":57}}],"line":33},"2":{"loc":{"start":{"line":57,"column":2},"end":{"line":85,"column":3}},"type":"if","locations":[{"start":{"line":57,"column":2},"end":{"line":85,"column":3}},{"start":{"line":57,"column":2},"end":{"line":85,"column":3}}],"line":57},"3":{"loc":{"start":{"line":57,"column":6},"end":{"line":59,"column":36}},"type":"binary-expr","locations":[{"start":{"line":57,"column":6},"end":{"line":57,"column":48}},{"start":{"line":58,"column":6},"end":{"line":58,"column":50}},{"start":{"line":59,"column":6},"end":{"line":59,"column":36}}],"line":57},"4":{"loc":{"start":{"line":65,"column":4},"end":{"line":68,"column":5}},"type":"if","locations":[{"start":{"line":65,"column":4},"end":{"line":68,"column":5}},{"start":{"line":65,"column":4},"end":{"line":68,"column":5}}],"line":65},"5":{"loc":{"start":{"line":75,"column":4},"end":{"line":78,"column":5}},"type":"if","locations":[{"start":{"line":75,"column":4},"end":{"line":78,"column":5}},{"start":{"line":75,"column":4},"end":{"line":78,"column":5}}],"line":75},"6":{"loc":{"start":{"line":75,"column":8},"end":{"line":75,"column":66}},"type":"binary-expr","locations":[{"start":{"line":75,"column":8},"end":{"line":75,"column":25}},{"start":{"line":75,"column":29},"end":{"line":75,"column":66}}],"line":75}},"s":{"0":1,"1":1,"2":1,"3":10,"4":10,"5":10,"6":7,"7":7,"8":3,"9":298,"10":14,"11":14,"12":14,"13":14,"14":14,"15":4,"16":4,"17":14,"18":14,"19":11,"20":14,"21":14,"22":4,"23":4,"24":14,"25":14,"26":14,"27":1},"f":{"0":10,"1":298,"2":11},"b":{"0":[7,3],"1":[10,10],"2":[14,284],"3":[298,20,14],"4":[4,10],"5":[4,10],"6":[14,10]},"_coverageSchema":"43e27e138ebf9cfc5966b082cf9a028302ed4184","hash":"82f1df35bc7a1f149c4038b015f0a9b9c2683163"}
,"/Users/jacksteinberg/code/get-originals-rewriter/lib/mods/replace-window-functions.js": {"path":"/Users/jacksteinberg/code/get-originals-rewriter/lib/mods/replace-window-functions.js","statementMap":{"0":{"start":{"line":3,"column":18},"end":{"line":3,"column":48}},"1":{"start":{"line":4,"column":24},"end":{"line":4,"column":48}},"2":{"start":{"line":9,"column":4},"end":{"line":9,"column":37}},"3":{"start":{"line":19,"column":2},"end":{"line":32,"column":3}},"4":{"start":{"line":20,"column":19},"end":{"line":20,"column":51}},"5":{"start":{"line":21,"column":29},"end":{"line":21,"column":56}},"6":{"start":{"line":22,"column":17},"end":{"line":22,"column":25}},"7":{"start":{"line":23,"column":16},"end":{"line":23,"column":24}},"8":{"start":{"line":24,"column":17},"end":{"line":24,"column":43}},"9":{"start":{"line":26,"column":17},"end":{"line":27,"column":46}},"10":{"start":{"line":27,"column":22},"end":{"line":27,"column":35}},"11":{"start":{"line":29,"column":21},"end":{"line":29,"column":49}},"12":{"start":{"line":30,"column":4},"end":{"line":30,"column":71}},"13":{"start":{"line":31,"column":4},"end":{"line":31,"column":44}},"14":{"start":{"line":35,"column":0},"end":{"line":35,"column":40}}},"fnMap":{"0":{"name":"replaceWindowFunctions","decl":{"start":{"line":18,"column":9},"end":{"line":18,"column":31}},"loc":{"start":{"line":18,"column":47},"end":{"line":33,"column":1}},"line":18},"1":{"name":"(anonymous_1)","decl":{"start":{"line":27,"column":13},"end":{"line":27,"column":14}},"loc":{"start":{"line":27,"column":22},"end":{"line":27,"column":35}},"line":27}},"branchMap":{"0":{"loc":{"start":{"line":19,"column":2},"end":{"line":32,"column":3}},"type":"if","locations":[{"start":{"line":19,"column":2},"end":{"line":32,"column":3}},{"start":{"line":19,"column":2},"end":{"line":32,"column":3}}],"line":19},"1":{"loc":{"start":{"line":19,"column":6},"end":{"line":19,"column":72}},"type":"binary-expr","locations":[{"start":{"line":19,"column":6},"end":{"line":19,"column":38}},{"start":{"line":19,"column":42},"end":{"line":19,"column":72}}],"line":19}},"s":{"0":1,"1":1,"2":1,"3":331,"4":3,"5":3,"6":3,"7":3,"8":3,"9":3,"10":6,"11":3,"12":3,"13":3,"14":1},"f":{"0":331,"1":6},"b":{"0":[3,328],"1":[331,20]},"_coverageSchema":"43e27e138ebf9cfc5966b082cf9a028302ed4184","hash":"f177ba297a6863af93a716d6630b7024c233a830"}
}
