TN:
SF:/Users/jacksteinberg/code/get-originals-rewriter/lib/globals-set.js
FNF:0
FNH:0
DA:3,1
LF:1
LH:1
BRF:0
BRH:0
end_of_record
TN:
SF:/Users/jacksteinberg/code/get-originals-rewriter/lib/imports.js
FN:14,generateImportText
FN:42,updateImports
FN:80,addAllImports
FNF:3
FNH:3
FNDA:32,generateImportText
FNDA:32,updateImports
FNDA:12,addAllImports
DA:3,1
DA:15,32
DA:16,32
DA:18,12
DA:22,13
DA:24,4
DA:26,2
DA:28,1
DA:30,0
DA:43,32
DA:45,32
DA:46,21
DA:51,32
DA:53,12
DA:54,12
DA:58,9
DA:59,5
DA:61,9
DA:62,9
DA:63,9
DA:67,11
DA:68,11
DA:70,0
DA:81,12
DA:83,26
DA:91,1
LF:26
LH:24
BRDA:16,0,0,12
BRDA:16,0,1,3
BRDA:16,0,2,7
BRDA:16,0,3,13
BRDA:16,0,4,4
BRDA:16,0,5,2
BRDA:16,0,6,1
BRDA:16,0,7,0
BRDA:45,1,0,21
BRDA:45,1,1,11
BRDA:51,2,0,12
BRDA:51,2,1,2
BRDA:51,2,2,3
BRDA:51,2,3,9
BRDA:51,2,4,3
BRDA:51,2,5,7
BRDA:51,2,6,11
BRDA:51,2,7,0
BRDA:58,3,0,5
BRDA:58,3,1,4
BRF:20
BRH:18
end_of_record
TN:
SF:/Users/jacksteinberg/code/get-originals-rewriter/lib/originals-helper.js
FN:10,nodeInTSDefs
FN:24,nodeInIDLSpecs
FN:37,isGlobal
FN:50,getOriginal
FN:79,formatReplacement
FNF:5
FNH:5
FNDA:52,nodeInTSDefs
FNDA:17,nodeInIDLSpecs
FNDA:52,isGlobal
FNDA:64,getOriginal
FNDA:20,formatReplacement
DA:3,1
DA:11,52
DA:12,52
DA:13,35
DA:16,17
DA:25,17
DA:26,17
DA:27,0
DA:29,17
DA:38,52
DA:51,64
DA:53,24
DA:57,26
DA:59,8
DA:61,4
DA:63,2
DA:65,0
DA:80,20
DA:83,7
DA:85,2
DA:89,11
DA:91,0
DA:95,1
LF:23
LH:20
BRDA:12,0,0,35
BRDA:12,0,1,17
BRDA:26,1,0,0
BRDA:26,1,1,17
BRDA:38,2,0,52
BRDA:38,2,1,17
BRDA:51,3,0,24
BRDA:51,3,1,6
BRDA:51,3,2,14
BRDA:51,3,3,26
BRDA:51,3,4,8
BRDA:51,3,5,4
BRDA:51,3,6,2
BRDA:51,3,7,0
BRDA:80,4,0,1
BRDA:80,4,1,7
BRDA:80,4,2,2
BRDA:80,4,3,3
BRDA:80,4,4,7
BRDA:80,4,5,11
BRDA:80,4,6,0
BRF:21
BRH:18
end_of_record
TN:
SF:/Users/jacksteinberg/code/get-originals-rewriter/lib/rewriter.js
FN:31,rewriter
FN:40,(anonymous_1)
FN:41,(anonymous_2)
FN:42,(anonymous_3)
FN:43,(anonymous_4)
FNF:5
FNH:5
FNDA:12,rewriter
FNDA:350,(anonymous_1)
FNDA:298,(anonymous_2)
FNDA:332,(anonymous_3)
FNDA:331,(anonymous_4)
DA:3,1
DA:4,1
DA:5,1
DA:6,1
DA:7,1
DA:8,1
DA:9,1
DA:10,1
DA:11,1
DA:13,1
DA:32,12
DA:33,12
DA:37,12
DA:39,12
DA:40,350
DA:41,298
DA:42,332
DA:43,331
DA:44,12
DA:46,12
DA:47,12
DA:48,12
DA:49,12
DA:52,1
LF:24
LH:24
BRF:0
BRH:0
end_of_record
TN:
SF:/Users/jacksteinberg/code/get-originals-rewriter/lib/mods/clean-console.js
FN:12,isConsoleCallExpression
FN:32,cleanConsole
FNF:2
FNH:2
FNDA:362,isConsoleCallExpression
FNDA:362,cleanConsole
DA:3,1
DA:13,362
DA:14,334
DA:17,28
DA:18,28
DA:19,3
DA:22,25
DA:23,25
DA:24,25
DA:33,362
DA:34,11
DA:35,11
DA:36,6
DA:38,5
DA:43,1
LF:15
LH:15
BRDA:13,0,0,334
BRDA:13,0,1,28
BRDA:18,1,0,3
BRDA:18,1,1,25
BRDA:33,2,0,11
BRDA:33,2,1,351
BRDA:35,3,0,6
BRDA:35,3,1,5
BRF:8
BRH:8
end_of_record
TN:
SF:/Users/jacksteinberg/code/get-originals-rewriter/lib/mods/replace-constructors.js
FN:16,replaceGlobalConstructors
FNF:1
FNH:1
FNDA:350,replaceGlobalConstructors
DA:3,1
DA:4,1
DA:8,1
DA:17,350
DA:19,12
DA:20,12
DA:21,12
DA:22,12
DA:23,12
DA:27,1
LF:10
LH:10
BRDA:17,0,0,12
BRDA:17,0,1,338
BRDA:17,1,0,350
BRDA:17,1,1,12
BRF:4
BRH:4
end_of_record
TN:
SF:/Users/jacksteinberg/code/get-originals-rewriter/lib/mods/replace-get-set.js
FN:22,isDataProperty
FN:33,replaceGlobalGetSetCalls
FNF:2
FNH:2
FNDA:6,isDataProperty
FNDA:332,replaceGlobalGetSetCalls
DA:3,1
DA:4,1
DA:9,1
DA:11,1
DA:23,6
DA:34,332
DA:37,6
DA:38,6
DA:40,6
DA:41,3
DA:44,3
DA:48,3
DA:51,3
DA:54,1
DA:55,1
DA:56,1
DA:58,2
DA:59,2
DA:62,3
DA:64,3
DA:66,3
DA:70,1
LF:22
LH:22
BRDA:23,0,0,6
BRDA:23,0,1,3
BRDA:34,1,0,6
BRDA:34,1,1,326
BRDA:34,2,0,332
BRDA:34,2,1,6
BRDA:34,2,2,6
BRDA:40,3,0,3
BRDA:40,3,1,3
BRDA:51,4,0,1
BRDA:51,4,1,2
BRDA:51,5,0,3
BRDA:51,5,1,2
BRDA:51,5,2,1
BRF:14
BRH:14
end_of_record
TN:
SF:/Users/jacksteinberg/code/get-originals-rewriter/lib/mods/replace-methods.js
FN:18,isNamespaceMethod
FN:56,replaceGlobalMethodCalls
FN:72,(anonymous_2)
FNF:3
FNH:3
FNDA:10,isNamespaceMethod
FNDA:298,replaceGlobalMethodCalls
FNDA:11,(anonymous_2)
DA:3,1
DA:4,1
DA:9,1
DA:19,10
DA:20,10
DA:33,10
DA:34,7
DA:35,7
DA:47,3
DA:57,298
DA:60,14
DA:61,14
DA:62,14
DA:63,14
DA:65,14
DA:66,4
DA:67,4
DA:70,14
DA:71,14
DA:72,11
DA:73,14
DA:75,14
DA:76,4
DA:77,4
DA:80,14
DA:82,14
DA:84,14
DA:88,1
LF:28
LH:28
BRDA:33,0,0,7
BRDA:33,0,1,3
BRDA:33,1,0,10
BRDA:33,1,1,10
BRDA:57,2,0,14
BRDA:57,2,1,284
BRDA:57,3,0,298
BRDA:57,3,1,20
BRDA:57,3,2,14
BRDA:65,4,0,4
BRDA:65,4,1,10
BRDA:75,5,0,4
BRDA:75,5,1,10
BRDA:75,6,0,14
BRDA:75,6,1,10
BRF:15
BRH:15
end_of_record
TN:
SF:/Users/jacksteinberg/code/get-originals-rewriter/lib/mods/replace-window-functions.js
FN:18,replaceWindowFunctions
FN:27,(anonymous_1)
FNF:2
FNH:2
FNDA:331,replaceWindowFunctions
FNDA:6,(anonymous_1)
DA:3,1
DA:4,1
DA:9,1
DA:19,331
DA:20,3
DA:21,3
DA:22,3
DA:23,3
DA:24,3
DA:26,3
DA:27,6
DA:29,3
DA:30,3
DA:31,3
DA:35,1
LF:15
LH:15
BRDA:19,0,0,3
BRDA:19,0,1,328
BRDA:19,1,0,331
BRDA:19,1,1,20
BRF:4
BRH:4
end_of_record
